<?xml version="1.1" encoding="UTF-8"?>
<testsuite name="HelloWorldTest" tests="3" failures="0" errors="0" timestamp="2016-01-27T06:06:24" hostname="rzs" time="0.002">
  <properties/>
  <testcase name="helloSampleName" classname="HelloWorldTest" time="0.001"/>
  <testcase name="helloAnotherSampleName" classname="HelloWorldTest" time="0.0"/>
  <testcase name="helloNoName" classname="HelloWorldTest" time="0.0"/>
  <system-out><![CDATA[]]></system-out>
  <system-err><![CDATA[]]></system-err>
</testsuite>
